simpleDemo/build/intermediates/manifest_merge_blame_file/release/manifest-merger-blame-release-report.txt
1<?xml version="1.0" encoding="utf-8"?>
2<manifest xmlns:android="http://schemas.android.com/apk/res/android"
3    package="hello.hnz"
4    android:versionCode="1"
5    android:versionName="1.0" >
6
7    <uses-sdk
8        android:minSdkVersion="21"
8-->src\main\AndroidManifest.xml
9        android:targetSdkVersion="28" />
9-->src\main\AndroidManifest.xml
10
11    <supports-screens
11-->[lib.5plus.base-release.aar] AndroidManifest.xml:7:5-12:39
12        android:anyDensity="true"
12-->[lib.5plus.base-release.aar] AndroidManifest.xml:8:9-34
13        android:largeScreens="true"
13-->[lib.5plus.base-release.aar] AndroidManifest.xml:9:9-36
14        android:normalScreens="true"
14-->[lib.5plus.base-release.aar] AndroidManifest.xml:10:9-37
15        android:resizeable="true"
15-->[lib.5plus.base-release.aar] AndroidManifest.xml:11:9-34
16        android:smallScreens="true" />
16-->[lib.5plus.base-release.aar] AndroidManifest.xml:12:9-36
17
18    <uses-permission android:name="android.permission.WRITE_EXTERNAL_STORAGE" /> <!-- 适配android 13 图片选择权限 -->
18-->[lib.5plus.base-release.aar] AndroidManifest.xml:14:5-81
18-->[lib.5plus.base-release.aar] AndroidManifest.xml:14:22-78
19    <uses-permission android:name="android.permission.READ_MEDIA_IMAGES" />
19-->[lib.5plus.base-release.aar] AndroidManifest.xml:17:5-76
19-->[lib.5plus.base-release.aar] AndroidManifest.xml:17:22-73
20    <uses-permission android:name="android.permission.READ_MEDIA_VIDEO" />
20-->[lib.5plus.base-release.aar] AndroidManifest.xml:18:5-75
20-->[lib.5plus.base-release.aar] AndroidManifest.xml:18:22-72
21    <uses-permission android:name="android.permission.READ_MEDIA_VISUAL_USER_SELECTED" />
21-->[lib.5plus.base-release.aar] AndroidManifest.xml:19:5-90
21-->[lib.5plus.base-release.aar] AndroidManifest.xml:19:22-87
22    <uses-permission android:name="android.permission.INTERNET" />
22-->[lib.5plus.base-release.aar] AndroidManifest.xml:20:5-67
22-->[lib.5plus.base-release.aar] AndroidManifest.xml:20:22-64
23    <uses-permission android:name="android.permission.ACCESS_NETWORK_STATE" />
23-->[lib.5plus.base-release.aar] AndroidManifest.xml:21:5-79
23-->[lib.5plus.base-release.aar] AndroidManifest.xml:21:22-76
24    <!--
25    <uses-permission
26        android:name="com.android.launcher.permission.UNINSTALL_SHORTCUT" />
27    -->
28    <!-- 华为修改角标需要设置权限 -->
29    <uses-permission android:name="com.huawei.android.launcher.permission.CHANGE_BADGE" /> <!-- vivo 修改角标需要设置权限 -->
29-->[lib.5plus.base-release.aar] AndroidManifest.xml:27:5-91
29-->[lib.5plus.base-release.aar] AndroidManifest.xml:27:22-88
30    <uses-permission android:name="com.vivo.notification.permission.BADGE_ICON" />
30-->[lib.5plus.base-release.aar] AndroidManifest.xml:29:5-83
30-->[lib.5plus.base-release.aar] AndroidManifest.xml:29:22-80
31
32    <queries>
32-->[lib.5plus.base-release.aar] AndroidManifest.xml:31:5-40:15
33        <intent>
33-->[lib.5plus.base-release.aar] AndroidManifest.xml:32:9-34:18
34            <action android:name="android.intent.action.MAIN" />
34-->src\main\AndroidManifest.xml:23:17-69
34-->src\main\AndroidManifest.xml:23:25-66
35        </intent>
36        <intent>
36-->[lib.5plus.base-release.aar] AndroidManifest.xml:35:9-39:18
37            <action android:name="android.intent.action.VIEW" />
37-->src\main\AndroidManifest.xml:39:17-69
37-->src\main\AndroidManifest.xml:39:25-66
38
39            <category android:name="android.intent.category.DEFAULT" />
39-->src\main\AndroidManifest.xml:37:17-76
39-->src\main\AndroidManifest.xml:37:27-73
40        </intent>
41    </queries>
42
43    <uses-permission android:name="android.permission.READ_EXTERNAL_STORAGE" />
44    <uses-permission android:name="com.asus.msa.SupplementaryDID.ACCESS" />
44-->[oaid_sdk_1.0.25.aar] AndroidManifest.xml:13:5-76
44-->[oaid_sdk_1.0.25.aar] AndroidManifest.xml:13:22-73
45    <uses-permission android:name="freemme.permission.msa" />
45-->[oaid_sdk_1.0.25.aar] AndroidManifest.xml:15:5-62
45-->[oaid_sdk_1.0.25.aar] AndroidManifest.xml:15:22-59
46
47    <application
47-->src\main\AndroidManifest.xml:5:5-46:19
48        android:name="io.dcloud.application.DCloudApplication"
48-->[lib.5plus.base-release.aar] AndroidManifest.xml:173:9-63
49        android:allowBackup="true"
49-->src\main\AndroidManifest.xml:6:9-35
50        android:allowClearUserData="true"
50-->src\main\AndroidManifest.xml:7:9-42
51        android:appComponentFactory="androidx.core.app.CoreComponentFactory"
51-->[androidx.core:core:1.1.0] AndroidManifest.xml:24:18-86
52        android:extractNativeLibs="true"
52-->[uniapp-v8-release.aar] AndroidManifest.xml:29:18-50
53        android:icon="@drawable/icon"
53-->src\main\AndroidManifest.xml:8:9-38
54        android:label="@string/app_name"
54-->src\main\AndroidManifest.xml:9:9-41
55        android:largeHeap="true"
55-->src\main\AndroidManifest.xml:10:9-33
56        android:supportsRtl="true"
56-->src\main\AndroidManifest.xml:11:9-35
57        android:usesCleartextTraffic="true" >
57-->[lib.5plus.base-release.aar] AndroidManifest.xml:175:9-44
58        <activity
58-->src\main\AndroidManifest.xml:12:9-26:20
59            android:name="io.dcloud.PandoraEntry"
59-->src\main\AndroidManifest.xml:13:13-50
60            android:configChanges="orientation|keyboardHidden|keyboard|navigation"
60-->src\main\AndroidManifest.xml:15:13-83
61            android:exported="true"
61-->src\main\AndroidManifest.xml:14:13-36
62            android:hardwareAccelerated="true"
62-->src\main\AndroidManifest.xml:18:13-47
63            android:label="@string/app_name"
63-->src\main\AndroidManifest.xml:16:13-45
64            android:launchMode="singleTask"
64-->src\main\AndroidManifest.xml:17:13-44
65            android:screenOrientation="user"
65-->src\main\AndroidManifest.xml:20:13-45
66            android:theme="@style/TranslucentTheme"
66-->src\main\AndroidManifest.xml:19:13-52
67            android:windowSoftInputMode="adjustResize" >
67-->src\main\AndroidManifest.xml:21:13-55
68            <intent-filter>
68-->src\main\AndroidManifest.xml:22:13-25:29
69                <action android:name="android.intent.action.MAIN" />
69-->src\main\AndroidManifest.xml:23:17-69
69-->src\main\AndroidManifest.xml:23:25-66
70
71                <category android:name="android.intent.category.LAUNCHER" />
71-->src\main\AndroidManifest.xml:24:17-77
71-->src\main\AndroidManifest.xml:24:27-74
72            </intent-filter>
73        </activity>
74        <activity
74-->src\main\AndroidManifest.xml:27:9-42:20
75            android:name="io.dcloud.PandoraEntryActivity"
75-->src\main\AndroidManifest.xml:28:13-58
76            android:configChanges="orientation|keyboardHidden|screenSize|mcc|mnc|fontScale|keyboard|smallestScreenSize|screenLayout|screenSize|uiMode"
76-->src\main\AndroidManifest.xml:30:13-151
77            android:hardwareAccelerated="true"
77-->src\main\AndroidManifest.xml:31:13-47
78            android:launchMode="singleTask"
78-->src\main\AndroidManifest.xml:29:13-44
79            android:permission="com.miui.securitycenter.permission.AppPermissionsEditor"
79-->src\main\AndroidManifest.xml:32:13-89
80            android:screenOrientation="user"
80-->src\main\AndroidManifest.xml:33:13-45
81            android:theme="@style/DCloudTheme"
81-->src\main\AndroidManifest.xml:34:13-47
82            android:windowSoftInputMode="adjustResize" >
82-->src\main\AndroidManifest.xml:35:13-55
83            <intent-filter>
83-->src\main\AndroidManifest.xml:36:13-41:29
84                <category android:name="android.intent.category.DEFAULT" />
84-->src\main\AndroidManifest.xml:37:17-76
84-->src\main\AndroidManifest.xml:37:27-73
85                <category android:name="android.intent.category.BROWSABLE" />
85-->src\main\AndroidManifest.xml:38:17-78
85-->src\main\AndroidManifest.xml:38:27-75
86
87                <action android:name="android.intent.action.VIEW" />
87-->src\main\AndroidManifest.xml:39:17-69
87-->src\main\AndroidManifest.xml:39:25-66
88
89                <data android:scheme=" " />
89-->src\main\AndroidManifest.xml:40:17-44
89-->src\main\AndroidManifest.xml:40:23-41
90            </intent-filter>
91        </activity>
92
93        <meta-data
93-->src\main\AndroidManifest.xml:43:9-45:64
94            android:name="dcloud_appkey"
94-->src\main\AndroidManifest.xml:44:13-41
95            android:value="c63e8ef70e4432a2416dd3c626a12775" />
95-->src\main\AndroidManifest.xml:45:13-61
96        <!--
97        <activity
98            android:name="io.dcloud.imagepick.CustomGalleryActivity"
99            android:noHistory="true"
100            android:exported="false"/>
101        -->
102        <activity
102-->[lib.5plus.base-release.aar] AndroidManifest.xml:184:9-190:58
103            android:name="io.dcloud.feature.nativeObj.photoview.PhotoActivity"
103-->[lib.5plus.base-release.aar] AndroidManifest.xml:185:13-79
104            android:configChanges="orientation|keyboardHidden"
104-->[lib.5plus.base-release.aar] AndroidManifest.xml:186:13-63
105            android:exported="false"
105-->[lib.5plus.base-release.aar] AndroidManifest.xml:187:13-37
106            android:noHistory="false"
106-->[lib.5plus.base-release.aar] AndroidManifest.xml:188:13-38
107            android:screenOrientation="behind"
107-->[lib.5plus.base-release.aar] AndroidManifest.xml:189:13-47
108            android:theme="@style/DeviceDefault.Light" />
108-->[lib.5plus.base-release.aar] AndroidManifest.xml:190:13-55
109        <activity
109-->[lib.5plus.base-release.aar] AndroidManifest.xml:191:9-200:58
110            android:name="io.dcloud.WebAppActivity"
110-->[lib.5plus.base-release.aar] AndroidManifest.xml:192:13-52
111            android:configChanges="orientation|keyboard|keyboardHidden|smallestScreenSize|screenLayout|screenSize|mcc|mnc|fontScale|navigation"
111-->[lib.5plus.base-release.aar] AndroidManifest.xml:193:13-144
112            android:hardwareAccelerated="true"
112-->[lib.5plus.base-release.aar] AndroidManifest.xml:194:13-47
113            android:icon="@drawable/dcloud_recent"
113-->[lib.5plus.base-release.aar] AndroidManifest.xml:195:13-51
114            android:label="@string/stream_my"
114-->[lib.5plus.base-release.aar] AndroidManifest.xml:196:13-46
115            android:launchMode="singleTask"
115-->[lib.5plus.base-release.aar] AndroidManifest.xml:197:13-44
116            android:screenOrientation="portrait"
116-->[lib.5plus.base-release.aar] AndroidManifest.xml:198:13-49
117            android:theme="@style/DCloudTheme"
117-->[lib.5plus.base-release.aar] AndroidManifest.xml:199:13-47
118            android:windowSoftInputMode="adjustResize" />
118-->[lib.5plus.base-release.aar] AndroidManifest.xml:200:13-55
119        <activity
119-->[lib.5plus.base-release.aar] AndroidManifest.xml:201:9-205:75
120            android:name="io.dcloud.ProcessMediator"
120-->[lib.5plus.base-release.aar] AndroidManifest.xml:202:13-53
121            android:excludeFromRecents="true"
121-->[lib.5plus.base-release.aar] AndroidManifest.xml:203:13-46
122            android:exported="false"
122-->[lib.5plus.base-release.aar] AndroidManifest.xml:204:13-37
123            android:theme="@android:style/Theme.Translucent.NoTitleBar" />
123-->[lib.5plus.base-release.aar] AndroidManifest.xml:205:13-72
124        <activity
124-->[lib.5plus.base-release.aar] AndroidManifest.xml:206:9-212:20
125            android:name="io.dcloud.WebviewActivity"
125-->[lib.5plus.base-release.aar] AndroidManifest.xml:207:13-53
126            android:exported="false"
126-->[lib.5plus.base-release.aar] AndroidManifest.xml:208:13-37
127            android:screenOrientation="portrait"
127-->[lib.5plus.base-release.aar] AndroidManifest.xml:209:13-49
128            android:theme="@style/ThemeNoTitleBar"
128-->[lib.5plus.base-release.aar] AndroidManifest.xml:210:13-51
129            android:windowSoftInputMode="adjustPan" >
129-->[lib.5plus.base-release.aar] AndroidManifest.xml:211:13-52
130        </activity> <!-- gallery******start -->
131        <activity
131-->[lib.5plus.base-release.aar] AndroidManifest.xml:215:9-220:63
132            android:name="com.dmcbig.mediapicker.PickerActivity"
132-->[lib.5plus.base-release.aar] AndroidManifest.xml:216:13-65
133            android:configChanges="orientation|screenSize"
133-->[lib.5plus.base-release.aar] AndroidManifest.xml:217:13-59
134            android:exported="false"
134-->[lib.5plus.base-release.aar] AndroidManifest.xml:218:13-37
135            android:theme="@style/DeviceDefault.Light"
135-->[lib.5plus.base-release.aar] AndroidManifest.xml:219:13-55
136            android:windowSoftInputMode="stateAlwaysHidden" />
136-->[lib.5plus.base-release.aar] AndroidManifest.xml:220:13-60
137        <activity
137-->[lib.5plus.base-release.aar] AndroidManifest.xml:221:9-226:63
138            android:name="com.dmcbig.mediapicker.PreviewActivity"
138-->[lib.5plus.base-release.aar] AndroidManifest.xml:222:13-66
139            android:configChanges="orientation|screenSize"
139-->[lib.5plus.base-release.aar] AndroidManifest.xml:223:13-59
140            android:exported="false"
140-->[lib.5plus.base-release.aar] AndroidManifest.xml:224:13-37
141            android:theme="@style/DeviceDefault.Light"
141-->[lib.5plus.base-release.aar] AndroidManifest.xml:225:13-55
142            android:windowSoftInputMode="stateAlwaysHidden" /> <!-- gallery******end -->
142-->[lib.5plus.base-release.aar] AndroidManifest.xml:226:13-60
143        <provider
143-->[lib.5plus.base-release.aar] AndroidManifest.xml:229:9-237:20
144            android:name="io.dcloud.common.util.DCloud_FileProvider"
144-->[lib.5plus.base-release.aar] AndroidManifest.xml:230:13-69
145            android:authorities="hello.hnz.dc.fileprovider"
145-->[lib.5plus.base-release.aar] AndroidManifest.xml:231:13-67
146            android:exported="false"
146-->[lib.5plus.base-release.aar] AndroidManifest.xml:232:13-37
147            android:grantUriPermissions="true" >
147-->[lib.5plus.base-release.aar] AndroidManifest.xml:233:13-47
148            <meta-data
148-->[lib.5plus.base-release.aar] AndroidManifest.xml:234:13-236:64
149                android:name="android.support.FILE_PROVIDER_PATHS"
149-->[lib.5plus.base-release.aar] AndroidManifest.xml:235:17-67
150                android:resource="@xml/dcloud_file_provider" />
150-->[lib.5plus.base-release.aar] AndroidManifest.xml:236:17-61
151        </provider>
152        <!--
153            <meta-data
154            android:name="DCLOUD_STREAMAPP_CHANNEL"
155            android:value="io.dcloud.%APPID%|%APPID%|" />
156        -->
157        <meta-data
157-->[lib.5plus.base-release.aar] AndroidManifest.xml:244:9-246:35
158            android:name="android.max_aspect"
158-->[lib.5plus.base-release.aar] AndroidManifest.xml:245:13-46
159            android:value="2.4" />
159-->[lib.5plus.base-release.aar] AndroidManifest.xml:246:13-32
160
161        <activity
161-->[lib.5plus.base-release.aar] AndroidManifest.xml:248:9-253:63
162            android:name="io.dcloud.feature.gallery.imageedit.IMGEditActivity"
162-->[lib.5plus.base-release.aar] AndroidManifest.xml:249:13-79
163            android:configChanges="orientation|keyboardHidden|screenSize"
163-->[lib.5plus.base-release.aar] AndroidManifest.xml:250:13-74
164            android:exported="false"
164-->[lib.5plus.base-release.aar] AndroidManifest.xml:251:13-37
165            android:theme="@style/ImageEditTheme"
165-->[lib.5plus.base-release.aar] AndroidManifest.xml:252:13-50
166            android:windowSoftInputMode="stateAlwaysHidden" /> <!-- 广告相关配置开始 -->
166-->[lib.5plus.base-release.aar] AndroidManifest.xml:253:13-60
167        <activity
167-->[lib.5plus.base-release.aar] AndroidManifest.xml:256:9-261:55
168            android:name="io.dcloud.sdk.activity.WebViewActivity"
168-->[lib.5plus.base-release.aar] AndroidManifest.xml:257:13-66
169            android:exported="false"
169-->[lib.5plus.base-release.aar] AndroidManifest.xml:258:13-37
170            android:screenOrientation="portrait"
170-->[lib.5plus.base-release.aar] AndroidManifest.xml:259:13-49
171            android:theme="@style/ThemeNoTitleBar"
171-->[lib.5plus.base-release.aar] AndroidManifest.xml:260:13-51
172            android:windowSoftInputMode="adjustPan" />
172-->[lib.5plus.base-release.aar] AndroidManifest.xml:261:13-52
173
174        <service
174-->[lib.5plus.base-release.aar] AndroidManifest.xml:263:9-266:72
175            android:name="io.dcloud.sdk.base.service.DownloadService"
175-->[lib.5plus.base-release.aar] AndroidManifest.xml:264:13-70
176            android:exported="false"
176-->[lib.5plus.base-release.aar] AndroidManifest.xml:265:13-37
177            android:permission="android.permission.BIND_JOB_SERVICE" />
177-->[lib.5plus.base-release.aar] AndroidManifest.xml:266:13-69
178
179        <provider
179-->[lib.5plus.base-release.aar] AndroidManifest.xml:268:9-276:20
180            android:name="io.dcloud.sdk.base.service.provider.DCloudAdFileProvider"
180-->[lib.5plus.base-release.aar] AndroidManifest.xml:269:13-84
181            android:authorities="hello.hnz.dc.fileprovider"
181-->[lib.5plus.base-release.aar] AndroidManifest.xml:270:13-67
182            android:exported="false"
182-->[lib.5plus.base-release.aar] AndroidManifest.xml:271:13-37
183            android:grantUriPermissions="true" >
183-->[lib.5plus.base-release.aar] AndroidManifest.xml:272:13-47
184            <meta-data
184-->[lib.5plus.base-release.aar] AndroidManifest.xml:234:13-236:64
185                android:name="android.support.FILE_PROVIDER_PATHS"
185-->[lib.5plus.base-release.aar] AndroidManifest.xml:235:17-67
186                android:resource="@xml/dcloud_gg_file_provider" />
186-->[lib.5plus.base-release.aar] AndroidManifest.xml:236:17-61
187        </provider>
188
189        <receiver
189-->[uniapp-v8-release.aar] AndroidManifest.xml:30:9-34:20
190            android:name="com.taobao.weex.WXGlobalEventReceiver"
190-->[uniapp-v8-release.aar] AndroidManifest.xml:31:13-65
191            android:enabled="true"
191-->[uniapp-v8-release.aar] AndroidManifest.xml:32:13-35
192            android:exported="false" >
192-->[uniapp-v8-release.aar] AndroidManifest.xml:33:13-37
193        </receiver>
194    </application>
195
196</manifest>